# JRE version: OpenJDK Runtime Environment (8.0_112-b06) (build 1.8.0_112-release-b06)
# Java VM: OpenJDK 64-Bit Server VM (25.112-b06 mixed mode linux-amd64 compressed oops)
Heap:
 PSYoungGen      total 284672K, used 49122K [0x00000000e0000000, 0x00000000f4600000, 0x0000000100000000)
  eden space 235520K, 0% used [0x00000000e0000000,0x00000000e0000000,0x00000000ee600000)
  from space 49152K, 99% used [0x00000000ee600000,0x00000000f15f8a88,0x00000000f1600000)
  to   space 46080K, 0% used [0x00000000f1780000,0x00000000f1780000,0x00000000f4480000)
 ParOldGen       total 91136K, used 84710K [0x00000000a0000000, 0x00000000a5900000, 0x00000000e0000000)
  object space 91136K, 92% used [0x00000000a0000000,0x00000000a52b98e8,0x00000000a5900000)
 Metaspace       used 68172K, capacity 70702K, committed 70936K, reserved 1112064K
  class space    used 8537K, capacity 8990K, committed 9008K, reserved 1048576K
GC Heap History (10 events):
Event: 327,686 GC heap after
Heap after GC invocations=19 (full 3):
 PSYoungGen      total 208896K, used 8733K [0x00000000e0000000, 0x00000000ee980000, 0x0000000100000000)
  eden space 190976K, 0% used [0x00000000e0000000,0x00000000e0000000,0x00000000eba80000)
  from space 17920K, 48% used [0x00000000ed800000,0x00000000ee087488,0x00000000ee980000)
  to   space 24064K, 0% used [0x00000000eba80000,0x00000000eba80000,0x00000000ed200000)
 ParOldGen       total 91136K, used 32654K [0x00000000a0000000, 0x00000000a5900000, 0x00000000e0000000)
  object space 91136K, 35% used [0x00000000a0000000,0x00000000a1fe3a78,0x00000000a5900000)
 Metaspace       used 61596K, capacity 63760K, committed 63896K, reserved 1105920K
  class space    used 7892K, capacity 8319K, committed 8368K, reserved 1048576K
}
Event: 347,361 GC heap before
{Heap before GC invocations=20 (full 3):
 PSYoungGen      total 208896K, used 199709K [0x00000000e0000000, 0x00000000ee980000, 0x0000000100000000)
  eden space 190976K, 100% used [0x00000000e0000000,0x00000000eba80000,0x00000000eba80000)
  from space 17920K, 48% used [0x00000000ed800000,0x00000000ee087488,0x00000000ee980000)
  to   space 24064K, 0% used [0x00000000eba80000,0x00000000eba80000,0x00000000ed200000)
 ParOldGen       total 91136K, used 32654K [0x00000000a0000000, 0x00000000a5900000, 0x00000000e0000000)
  object space 91136K, 35% used [0x00000000a0000000,0x00000000a1fe3a78,0x00000000a5900000)
 Metaspace       used 65667K, capacity 68032K, committed 68248K, reserved 1107968K
  class space    used 8314K, capacity 8787K, committed 8880K, reserved 1048576K
Event: 347,434 GC heap after
Heap after GC invocations=20 (full 3):
 PSYoungGen      total 215040K, used 24048K [0x00000000e0000000, 0x00000000f0a80000, 0x0000000100000000)
  eden space 190976K, 0% used [0x00000000e0000000,0x00000000e0000000,0x00000000eba80000)
  from space 24064K, 99% used [0x00000000eba80000,0x00000000ed1fc220,0x00000000ed200000)
  to   space 31232K, 0% used [0x00000000eec00000,0x00000000eec00000,0x00000000f0a80000)
 ParOldGen       total 91136K, used 41944K [0x00000000a0000000, 0x00000000a5900000, 0x00000000e0000000)
  object space 91136K, 46% used [0x00000000a0000000,0x00000000a28f63c0,0x00000000a5900000)
 Metaspace       used 65667K, capacity 68032K, committed 68248K, reserved 1107968K
  class space    used 8314K, capacity 8787K, committed 8880K, reserved 1048576K
}
Event: 348,951 GC heap before
{Heap before GC invocations=21 (full 3):
 PSYoungGen      total 215040K, used 215024K [0x00000000e0000000, 0x00000000f0a80000, 0x0000000100000000)
  eden space 190976K, 100% used [0x00000000e0000000,0x00000000eba80000,0x00000000eba80000)
  from space 24064K, 99% used [0x00000000eba80000,0x00000000ed1fc220,0x00000000ed200000)
  to   space 31232K, 0% used [0x00000000eec00000,0x00000000eec00000,0x00000000f0a80000)
 ParOldGen       total 91136K, used 41944K [0x00000000a0000000, 0x00000000a5900000, 0x00000000e0000000)
  object space 91136K, 46% used [0x00000000a0000000,0x00000000a28f63c0,0x00000000a5900000)
 Metaspace       used 65815K, capacity 68162K, committed 68504K, reserved 1110016K
  class space    used 8318K, capacity 8788K, committed 8880K, reserved 1048576K
Event: 349,094 GC heap after
Heap after GC invocations=21 (full 3):
 PSYoungGen      total 230400K, used 31219K [0x00000000e0000000, 0x00000000f3900000, 0x0000000100000000)
  eden space 199168K, 0% used [0x00000000e0000000,0x00000000e0000000,0x00000000ec280000)
  from space 31232K, 99% used [0x00000000eec00000,0x00000000f0a7cc98,0x00000000f0a80000)
  to   space 42496K, 0% used [0x00000000ec280000,0x00000000ec280000,0x00000000eec00000)
 ParOldGen       total 91136K, used 59100K [0x00000000a0000000, 0x00000000a5900000, 0x00000000e0000000)
  object space 91136K, 64% used [0x00000000a0000000,0x00000000a39b70e8,0x00000000a5900000)
 Metaspace       used 65815K, capacity 68162K, committed 68504K, reserved 1110016K
  class space    used 8318K, capacity 8788K, committed 8880K, reserved 1048576K
}
Event: 889,646 GC heap before
{Heap before GC invocations=22 (full 3):
 PSYoungGen      total 230400K, used 230387K [0x00000000e0000000, 0x00000000f3900000, 0x0000000100000000)
  eden space 199168K, 100% used [0x00000000e0000000,0x00000000ec280000,0x00000000ec280000)
  from space 31232K, 99% used [0x00000000eec00000,0x00000000f0a7cc98,0x00000000f0a80000)
  to   space 42496K, 0% used [0x00000000ec280000,0x00000000ec280000,0x00000000eec00000)
 ParOldGen       total 91136K, used 59100K [0x00000000a0000000, 0x00000000a5900000, 0x00000000e0000000)
  object space 91136K, 64% used [0x00000000a0000000,0x00000000a39b70e8,0x00000000a5900000)
 Metaspace       used 67559K, capacity 70108K, committed 70168K, reserved 1110016K
  class space    used 8522K, capacity 8977K, committed 9008K, reserved 1048576K
Event: 889,760 GC heap after
Heap after GC invocations=22 (full 3):
 PSYoungGen      total 241664K, used 32800K [0x00000000e0000000, 0x00000000f4480000, 0x0000000100000000)
  eden space 199168K, 0% used [0x00000000e0000000,0x00000000e0000000,0x00000000ec280000)
  from space 42496K, 77% used [0x00000000ec280000,0x00000000ee2880c8,0x00000000eec00000)
  to   space 46080K, 0% used [0x00000000f1780000,0x00000000f1780000,0x00000000f4480000)
 ParOldGen       total 91136K, used 61867K [0x00000000a0000000, 0x00000000a5900000, 0x00000000e0000000)
  object space 91136K, 67% used [0x00000000a0000000,0x00000000a3c6afc8,0x00000000a5900000)
 Metaspace       used 67559K, capacity 70108K, committed 70168K, reserved 1110016K
  class space    used 8522K, capacity 8977K, committed 9008K, reserved 1048576K
}
Event: 922,970 GC heap before
{Heap before GC invocations=23 (full 3):
 PSYoungGen      total 241664K, used 231968K [0x00000000e0000000, 0x00000000f4480000, 0x0000000100000000)
  eden space 199168K, 100% used [0x00000000e0000000,0x00000000ec280000,0x00000000ec280000)
  from space 42496K, 77% used [0x00000000ec280000,0x00000000ee2880c8,0x00000000eec00000)
  to   space 46080K, 0% used [0x00000000f1780000,0x00000000f1780000,0x00000000f4480000)
 ParOldGen       total 91136K, used 61867K [0x00000000a0000000, 0x00000000a5900000, 0x00000000e0000000)
  object space 91136K, 67% used [0x00000000a0000000,0x00000000a3c6afc8,0x00000000a5900000)
 Metaspace       used 68010K, capacity 70554K, committed 70680K, reserved 1112064K
  class space    used 8535K, capacity 8986K, committed 9008K, reserved 1048576K
Event: 923,119 GC heap after
Heap after GC invocations=23 (full 3):
 PSYoungGen      total 281600K, used 34735K [0x00000000e0000000, 0x00000000f4600000, 0x0000000100000000)
  eden space 235520K, 0% used [0x00000000e0000000,0x00000000e0000000,0x00000000ee600000)
  from space 46080K, 75% used [0x00000000f1780000,0x00000000f396bfa0,0x00000000f4480000)
  to   space 49152K, 0% used [0x00000000ee600000,0x00000000ee600000,0x00000000f1600000)
 ParOldGen       total 91136K, used 62031K [0x00000000a0000000, 0x00000000a5900000, 0x00000000e0000000)
  object space 91136K, 68% used [0x00000000a0000000,0x00000000a3c93fd8,0x00000000a5900000)
 Metaspace       used 68010K, capacity 70554K, committed 70680K, reserved 1112064K
  class space    used 8535K, capacity 8986K, committed 9008K, reserved 1048576K
}
Event: 930,350 GC heap before
{Heap before GC invocations=24 (full 3):
 PSYoungGen      total 281600K, used 270255K [0x00000000e0000000, 0x00000000f4600000, 0x0000000100000000)
  eden space 235520K, 100% used [0x00000000e0000000,0x00000000ee600000,0x00000000ee600000)
  from space 46080K, 75% used [0x00000000f1780000,0x00000000f396bfa0,0x00000000f4480000)
  to   space 49152K, 0% used [0x00000000ee600000,0x00000000ee600000,0x00000000f1600000)
 ParOldGen       total 91136K, used 62031K [0x00000000a0000000, 0x00000000a5900000, 0x00000000e0000000)
  object space 91136K, 68% used [0x00000000a0000000,0x00000000a3c93fd8,0x00000000a5900000)
 Metaspace       used 68172K, capacity 70702K, committed 70936K, reserved 1112064K
  class space    used 8537K, capacity 8990K, committed 9008K, reserved 1048576K

